<?xml version="1.0" encoding="UTF-8"?>
<!-- Generated by org.testng.reporters.JUnitReportReporter -->
<testsuite hostname="BTPW10D301" failures="0" tests="1" name="com.sterlingts.qa.testcases.SDLoginTest" time="13.676" errors="0" timestamp="23 Aug 2020 12:06:44 GMT" skipped="0">
  <testcase classname="com.sterlingts.qa.testcases.SDLoginTest" name="VerifySDLogin" time="13.676"/>
</testsuite> <!-- com.sterlingts.qa.testcases.SDLoginTest -->
