<?xml version="1.0" encoding="UTF-8"?>
<!-- Generated by org.testng.reporters.JUnitReportReporter -->
<testsuite hostname="BTPW10D301" failures="0" tests="2" name="com.techunity.qa.testcases.LoginTest" time="20.684" errors="0" timestamp="23 Aug 2020 12:32:19 GMT" skipped="0">
  <testcase classname="com.techunity.qa.testcases.LoginTest" name="verifySupportTicket" time="13.247"/>
  <testcase classname="com.techunity.qa.testcases.LoginTest" name="VerifySDLogin" time="7.437"/>
</testsuite> <!-- com.techunity.qa.testcases.LoginTest -->
