<?xml version="1.0" encoding="UTF-8"?>
<!-- Generated by org.testng.reporters.JUnitReportReporter -->
<testsuite hostname="BTPW10D301" failures="0" tests="1" name="com.techunity.qa.testcases.SDLoginTest" time="12.889" errors="0" timestamp="23 Aug 2020 12:11:46 GMT" skipped="0">
  <testcase classname="com.techunity.qa.testcases.SDLoginTest" name="VerifySDLogin" time="12.889"/>
</testsuite> <!-- com.techunity.qa.testcases.SDLoginTest -->
