<?xml version="1.0" encoding="UTF-8"?>
<!-- Generated by org.testng.reporters.JUnitReportReporter -->
<testsuite skipped="0" hostname="BTPW10D335" name="com.sterlingts.qa.testcases.ManualOrderTest" tests="1" failures="0" timestamp="24 Apr 2019 13:56:47 GMT" time="27.810" errors="0">
  <testcase name="verifyManualOrder" time="27.810" classname="com.sterlingts.qa.testcases.ManualOrderTest"/>
</testsuite> <!-- com.sterlingts.qa.testcases.ManualOrderTest -->
