<?xml version="1.0" encoding="UTF-8"?>
<!-- Generated by org.testng.reporters.JUnitReportReporter -->
<testsuite hostname="BTPW10D301" failures="0" tests="3" name="com.techunity.qa.testcases.TechUnityTestFlows" time="37.216" errors="0" timestamp="23 Aug 2020 13:10:23 GMT" skipped="0">
  <testcase classname="com.techunity.qa.testcases.TechUnityTestFlows" name="verifyCurrentRentals" time="9.940"/>
  <testcase classname="com.techunity.qa.testcases.TechUnityTestFlows" name="VerifyLogin" time="9.859"/>
  <testcase classname="com.techunity.qa.testcases.TechUnityTestFlows" name="verifySupportTicket" time="17.417"/>
</testsuite> <!-- com.techunity.qa.testcases.TechUnityTestFlows -->
